INFO: [HLS 200-10] Running 'C:/Xilinx/Vivado/2018.2/bin/unwrapped/win64.o/vivado_hls.exe'
INFO: [HLS 200-10] For user 'dzzhyk' on host 'desktop-kg4mp18' (Windows NT_amd64 version 6.2) on Sat Dec 05 18:02:25 +0800 2020
INFO: [HLS 200-10] In directory 'C:/Users/dzzhyk/Desktop/Lab4'
INFO: [HLS 200-10] Opening project 'C:/Users/dzzhyk/Desktop/Lab4/conv'.
INFO: [HLS 200-10] Opening solution 'C:/Users/dzzhyk/Desktop/Lab4/conv/init'.
INFO: [SYN 201-201] Setting up clock 'default' with a period of 10ns.
INFO: [HLS 200-10] Setting target device to 'xc7k160tlffv676-2l'
INFO: [SIM 211-2] *************** CSIM start ***************
INFO: [SIM 211-4] CSIM will launch GCC as the compiler.
   Compiling ../../../conv_test.cpp in debug mode
   Compiling ../../../conv.cpp in debug mode
   Generating csim.exe
In file included from C:/Xilinx/Vivado/2018.2/include/floating_point_v7_0_bitacc_cmodel.h:143:0,
                 from C:/Xilinx/Vivado/2018.2/include/hls_fpo.h:166,
                 from C:/Xilinx/Vivado/2018.2/include/hls_half.h:58,
                 from C:/Xilinx/Vivado/2018.2/include/ap_int_sim.h:73,
                 from C:/Xilinx/Vivado/2018.2/include/ap_int.h:65,
                 from ../../../conv.h:8,
                 from ../../../conv_test.cpp:1:
C:/Xilinx/Vivado/2018.2/include/gmp.h:62:0: warning: "__GMP_LIBGMP_DLL" redefined
 #define __GMP_LIBGMP_DLL  0
 
In file included from C:/Xilinx/Vivado/2018.2/include/hls_fpo.h:166:0,
                 from C:/Xilinx/Vivado/2018.2/include/hls_half.h:58,
                 from C:/Xilinx/Vivado/2018.2/include/ap_int_sim.h:73,
                 from C:/Xilinx/Vivado/2018.2/include/ap_int.h:65,
                 from ../../../conv.h:8,
                 from ../../../conv_test.cpp:1:
C:/Xilinx/Vivado/2018.2/include/floating_point_v7_0_bitacc_cmodel.h:135:0: note: this is the location of the previous definition
 #define __GMP_LIBGMP_DLL 1
 
In file included from C:/Xilinx/Vivado/2018.2/include/floating_point_v7_0_bitacc_cmodel.h:143:0,
                 from C:/Xilinx/Vivado/2018.2/include/hls_fpo.h:166,
                 from C:/Xilinx/Vivado/2018.2/include/hls_half.h:58,
                 from C:/Xilinx/Vivado/2018.2/include/ap_int_sim.h:73,
                 from C:/Xilinx/Vivado/2018.2/include/ap_int.h:65,
                 from ../../../conv.h:8,
                 from ../../../conv.cpp:1:
C:/Xilinx/Vivado/2018.2/include/gmp.h:62:0: warning: "__GMP_LIBGMP_DLL" redefined
 #define __GMP_LIBGMP_DLL  0
 
In file included from C:/Xilinx/Vivado/2018.2/include/hls_fpo.h:166:0,
                 from C:/Xilinx/Vivado/2018.2/include/hls_half.h:58,
                 from C:/Xilinx/Vivado/2018.2/include/ap_int_sim.h:73,
                 from C:/Xilinx/Vivado/2018.2/include/ap_int.h:65,
                 from ../../../conv.h:8,
                 from ../../../conv.cpp:1:
C:/Xilinx/Vivado/2018.2/include/floating_point_v7_0_bitacc_cmodel.h:135:0: note: this is the location of the previous definition
 #define __GMP_LIBGMP_DLL 1
 
*** output comparison ***
[7296]7296    				[7584]7584    				[7872]7872    				
[9600]9600    				[9888]9888    				[10176]10176   				
[11904]11904   				[12192]12192   				[12480]12480   				
*** TEST PASSED ***
INFO: [SIM 211-1] CSim done with 0 errors.
INFO: [SIM 211-3] *************** CSIM finish ***************
