INFO-FLOW: Workspace C:/Users/dzzhyk/Desktop/Lab4/conv/solution1 opened at Sat Dec 05 17:57:52 +0800 2020
Execute     config_clock -quiet -name default -period 10 -default=false 
INFO: [SYN 201-201] Setting up clock 'default' with a period of 10ns.
Execute     open_platform DefaultPlatform 
Execute     import_lib C:/Xilinx/Vivado/2018.2/common/technology/xilinx/kintex7l/kintex7l 
Execute       source C:/Xilinx/Vivado/2018.2/common/technology/xilinx/common/xilinx.lib 
Execute         source C:/Xilinx/Vivado/2018.2/common/technology/xilinx/interface/xilinx_interface.lib 
Execute           source C:/Xilinx/Vivado/2018.2/common/technology/xilinx/interface/plb46.lib 
Execute           source C:/Xilinx/Vivado/2018.2/common/technology/xilinx/interface/fsl.lib 
Execute           source C:/Xilinx/Vivado/2018.2/common/technology/xilinx/interface/axi4.lib 
Execute           source C:/Xilinx/Vivado/2018.2/common/technology/xilinx/interface/maxi.lib 
Execute           source C:/Xilinx/Vivado/2018.2/common/technology/xilinx/interface/saxilite.lib 
Execute         source C:/Xilinx/Vivado/2018.2/common/technology/xilinx/common/dsp48.lib 
Execute         source C:/Xilinx/Vivado/2018.2/common/technology/xilinx/ip/dds_compiler.lib 
Execute         source C:/Xilinx/Vivado/2018.2/common/technology/xilinx/ip/xfft.lib 
Execute         source C:/Xilinx/Vivado/2018.2/common/technology/xilinx/ip/xfir.lib 
Execute       source C:/Xilinx/Vivado/2018.2/common/technology/xilinx/common/xilinx_old.lib 
Execute       source C:/Xilinx/Vivado/2018.2/common/technology/xilinx/common/xilinx_vivado.lib 
Execute       source C:/Xilinx/Vivado/2018.2/common/technology/xilinx/common/xilinx.hlp 
Execute         source C:/Xilinx/Vivado/2018.2/common/technology/xilinx/common/target_info.tcl 
Execute         source C:/Xilinx/Vivado/2018.2/common/technology/xilinx/interface/xilinx_interface.hlp 
Execute           source C:/Xilinx/Vivado/2018.2/common/technology/xilinx/interface/maxi.hlp 
Execute           source C:/Xilinx/Vivado/2018.2/common/technology/xilinx/interface/saxilite.hlp 
Execute         source C:/Xilinx/Vivado/2018.2/common/technology/xilinx/common/dsp48.hlp 
Execute       source C:/Xilinx/Vivado/2018.2/common/technology/xilinx/kintex7l/dsp48e1.hlp 
Execute       get_default_platform 
Execute       config_chip_info -quiet -resource  {SLICE 50950} {LUT 203800}    {FF 407600} {DSP48E 840}    {BRAM 890}  
Execute       config_chip_info -quiet -speed lowpower 
Execute       source C:/Xilinx/Vivado/2018.2/common/technology/xilinx/common/xilinx.hlp 
Execute         source C:/Xilinx/Vivado/2018.2/common/technology/xilinx/common/target_info.tcl 
Execute         source C:/Xilinx/Vivado/2018.2/common/technology/xilinx/interface/xilinx_interface.hlp 
Execute           source C:/Xilinx/Vivado/2018.2/common/technology/xilinx/interface/maxi.hlp 
Execute           source C:/Xilinx/Vivado/2018.2/common/technology/xilinx/interface/saxilite.hlp 
Execute         source C:/Xilinx/Vivado/2018.2/common/technology/xilinx/common/dsp48.hlp 
Execute     source C:/Xilinx/Vivado/2018.2/common/technology/xilinx/kintex7l/kintex7l.gen 
Execute       source C:/Xilinx/Vivado/2018.2/common/technology/xilinx/common/virtex.gen 
Execute         source C:/Xilinx/Vivado/2018.2/common/technology/xilinx/common/xilinx.gen 
Execute           source C:/Xilinx/Vivado/2018.2/common/technology/xilinx/interface/plb46.gen 
Execute           source C:/Xilinx/Vivado/2018.2/common/technology/xilinx/interface/fsl.gen 
Execute           source C:/Xilinx/Vivado/2018.2/common/technology/xilinx/interface/axi4.gen 
Execute           source C:/Xilinx/Vivado/2018.2/common/technology/xilinx/interface/nativeAXI4.gen 
Execute             source C:/Xilinx/Vivado/2018.2/common/technology/xilinx/interface/saxilite.gen 
Execute             source C:/Xilinx/Vivado/2018.2/common/technology/xilinx/interface/maxi.gen 
Execute           source C:/Xilinx/Vivado/2018.2/common/technology/xilinx/scripts/xilinxcoregen.gen 
Execute           source C:/Xilinx/Vivado/2018.2/common/technology/xilinx/interface/XilEDKCoreGen.gen 
Execute           source C:/Xilinx/Vivado/2018.2/common/technology/xilinx/ip/dds_compiler.gen 
Execute           source C:/Xilinx/Vivado/2018.2/common/technology/xilinx/ip/util.gen 
Execute           source C:/Xilinx/Vivado/2018.2/common/technology/xilinx/ip/xfft.gen 
Command           ap_source done; 0.114 sec.
Execute           source C:/Xilinx/Vivado/2018.2/common/technology/xilinx/ip/xfir.gen 
Command         ap_source done; 0.153 sec.
Execute         source C:/Xilinx/Vivado/2018.2/common/technology/xilinx/common/dsp48.gen 
Command       ap_source done; 0.156 sec.
Command     ap_source done; 0.156 sec.
Execute     open_platform DefaultPlatform 
Execute     import_lib C:/Xilinx/Vivado/2018.2/common/technology/xilinx/kintex7l/kintex7l_fpv6 
Execute       source C:/Xilinx/Vivado/2018.2/common/technology/xilinx/common/xilinx_fpv7.lib 
Execute         source C:/Xilinx/Vivado/2018.2/common/technology/xilinx/common/xilinx_hp.lib 
Execute       source C:/Xilinx/Vivado/2018.2/common/technology/xilinx/common/xilinx_fpv.hlp 
Execute         source C:/Xilinx/Vivado/2018.2/common/technology/xilinx/common/xilinx.hlp 
Execute           source C:/Xilinx/Vivado/2018.2/common/technology/xilinx/common/target_info.tcl 
Execute           source C:/Xilinx/Vivado/2018.2/common/technology/xilinx/interface/xilinx_interface.hlp 
Execute             source C:/Xilinx/Vivado/2018.2/common/technology/xilinx/interface/maxi.hlp 
Execute             source C:/Xilinx/Vivado/2018.2/common/technology/xilinx/interface/saxilite.hlp 
Execute           source C:/Xilinx/Vivado/2018.2/common/technology/xilinx/common/dsp48.hlp 
Execute       source C:/Xilinx/Vivado/2018.2/common/technology/xilinx/kintex7l/kintex7l_hp.hlp 
Execute     source C:/Xilinx/Vivado/2018.2/common/technology/xilinx/kintex7l/kintex7l_fpv6.gen 
Execute       source C:/Xilinx/Vivado/2018.2/common/technology/xilinx/common/xilinx_fpv6.gen 
Execute     set_part xc7k160tlffv676-2l 
Execute       add_library xilinx/kintex7l/kintex7l:xc7k160tl:ffv676:-2l 
Execute         get_default_platform 
Execute         license_isbetapart xc7k160tl 
Command         license_isbetapart done; error code: 1; 
Execute         get_default_platform 
Execute         config_chip_info -quiet -resource  {SLICE 25350} {LUT 101400}    {FF 202800} {DSP48E 600}    {BRAM 650}  
Execute         config_chip_info -quiet -speed lowpower 
Execute       add_library xilinx/kintex7l/kintex7l_fpv6 
Execute         get_default_platform 
INFO: [HLS 200-10] Setting target device to 'xc7k160tlffv676-2l'
Execute       get_default_platform 
Execute     get_default_platform 
Execute     config_chip_info -quiet -resource  {SLICE 25350} {LUT 101400}    {FF 202800} {DSP48E 600}    {BRAM 650}  
Execute     config_chip_info -quiet -speed lowpower 
Command   open_solution done; 0.253 sec.
Execute   set_part xc7k160tlffv676-2l -tool vivado 
Execute     add_library xilinx/kintex7l/kintex7l:xc7k160tl:ffv676:-2l 
Execute       get_default_platform 
Execute       license_isbetapart xc7k160tl 
Command       license_isbetapart done; error code: 1; 
Execute       get_default_platform 
Execute       config_chip_info -quiet -resource  {SLICE 25350} {LUT 101400}    {FF 202800} {DSP48E 600}    {BRAM 650}  
Execute       config_chip_info -quiet -speed lowpower 
Execute     add_library xilinx/kintex7l/kintex7l_fpv6 
Execute       get_default_platform 
Execute     get_default_platform 
Execute   create_clock -period 10 -name default 
Execute     config_clock -quiet -name default -period 10 -default=false 
INFO: [SYN 201-201] Setting up clock 'default' with a period of 10ns.
Execute   csynth_design 
Execute     get_config_compile -effort 
Execute     get_config_compile -enable_clang39 
Execute     get_config_compile -g 
Execute     get_config_compile -lm 
Execute     get_config_compile -ng 
Execute     get_config_compile -opt_fp 
Execute     get_config_compile -skip_cdt 
Execute     get_config_compile -skip_syncheck 
Execute     get_config_compile -skip_transform 
Execute     get_config_compile -keep_printf 
Execute     elaborate -effort=medium -skip_syncheck=0 -keep_printf=0 -lm=0 -skip_cdt=0 -skip_transform=0 -ng=0 -g=0 -opt_fp=0 -from_csynth_design=1 
Execute       get_config_schedule -relax_ii_for_timing 
Execute       get_config_schedule -suppress_dependence_error_break 
INFO: [HLS 200-10] Analyzing design file 'conv/conv.cpp' ... 
INFO-FLOW: Compiling one TU...
Execute       is_m_axi_addr64 
INFO-FLOW: Handling conv/conv.cpp as C++
Execute       get_default_platform 
Execute       is_encrypted conv/conv.cpp 
Execute       get_default_platform 
INFO-FLOW: Source preprocessing
Execute       clang  -fno-limit-debug-info -gcc-toolchain "C:/Xilinx/Vivado/2018.2/msys" -hls  -fno-exceptions  -D__llvm__  -E "conv/conv.cpp"     -fno-math-errno -c -emit-llvm -O0  -mllvm -disable-llvm-optzns -fno-threadsafe-statics  -fno-use-cxa-atexit  -fno-threadsafe-statics -fno-use-cxa-atexit -D__CLANG_3_1__ -D__cdecl= -DAESL_SYN -D__SYNTHESIS__ -D__HLS_SYN__ -I "C:/Xilinx/Vivado/2018.2/common/technology/autopilot" -I "C:/Xilinx/Vivado/2018.2/common/technology/autopilot/ap_sysc" -include etc/autopilot_ssdm_op.h -D__DSP48E1__  -o "C:/Users/dzzhyk/Desktop/Lab4/conv/solution1/.autopilot/db/conv.pp.0.cpp" 
INFO-FLOW: exec C:/Xilinx/Vivado/2018.2/win64/tools/clang/bin/clang -fno-limit-debug-info -gcc-toolchain C:/Xilinx/Vivado/2018.2/msys -hls -fno-exceptions -D__llvm__ -E conv/conv.cpp -fno-math-errno -c -emit-llvm -O0 -mllvm -disable-llvm-optzns -fno-threadsafe-statics -fno-use-cxa-atexit -fno-threadsafe-statics -fno-use-cxa-atexit -D__CLANG_3_1__ -D__cdecl= -DAESL_SYN -D__SYNTHESIS__ -D__HLS_SYN__ -I C:/Xilinx/Vivado/2018.2/common/technology/autopilot -I C:/Xilinx/Vivado/2018.2/common/technology/autopilot/ap_sysc -include etc/autopilot_ssdm_op.h -D__DSP48E1__ -o C:/Users/dzzhyk/Desktop/Lab4/conv/solution1/.autopilot/db/conv.pp.0.cpp
Command       clang done; 1.458 sec.
INFO-FLOW: Syntax Checking before pre-processing...
Execute       clang  -fno-limit-debug-info -gcc-toolchain "C:/Xilinx/Vivado/2018.2/msys" -hls    -fno-math-errno -c -emit-llvm -O0  -mllvm -disable-llvm-optzns -fno-threadsafe-statics  -fno-use-cxa-atexit  -fno-threadsafe-statics -fno-use-cxa-atexit -D__CLANG_3_1__ -D__cdecl= -DAESL_SYN -D__SYNTHESIS__ -D__HLS_SYN__ -I "C:/Xilinx/Vivado/2018.2/common/technology/autopilot" -I "C:/Xilinx/Vivado/2018.2/common/technology/autopilot/ap_sysc" -include etc/autopilot_ssdm_op.h -D__DSP48E1__  "C:/Users/dzzhyk/Desktop/Lab4/conv/solution1/.autopilot/db/conv.pp.0.cpp"  -o "C:/Users/dzzhyk/Desktop/Lab4/conv/solution1/.autopilot/db/useless.bc"  
INFO-FLOW: exec C:/Xilinx/Vivado/2018.2/win64/tools/clang/bin/clang -fno-limit-debug-info -gcc-toolchain C:/Xilinx/Vivado/2018.2/msys -hls -fno-math-errno -c -emit-llvm -O0 -mllvm -disable-llvm-optzns -fno-threadsafe-statics -fno-use-cxa-atexit -fno-threadsafe-statics -fno-use-cxa-atexit -D__CLANG_3_1__ -D__cdecl= -DAESL_SYN -D__SYNTHESIS__ -D__HLS_SYN__ -I C:/Xilinx/Vivado/2018.2/common/technology/autopilot -I C:/Xilinx/Vivado/2018.2/common/technology/autopilot/ap_sysc -include etc/autopilot_ssdm_op.h -D__DSP48E1__ C:/Users/dzzhyk/Desktop/Lab4/conv/solution1/.autopilot/db/conv.pp.0.cpp -o C:/Users/dzzhyk/Desktop/Lab4/conv/solution1/.autopilot/db/useless.bc
Command       clang done; 3.173 sec.
INFO-FLOW: GCC PP time: 4 seconds per iteration
Execute       list_core -type functional_unit 
Execute       tidy_31 xilinx-systemc-detector C:/Users/dzzhyk/Desktop/Lab4/conv/solution1/.autopilot/db/conv.pp.0.cpp std=gnu++98 -directive=C:/Users/dzzhyk/Desktop/Lab4/conv/solution1/.autopilot/db/.systemc_flag 
INFO-FLOW: exec C:/Xilinx/Vivado/2018.2/win64/tools/clang-3.9-csynth/bin/tidy-3.1 -header-filter=.* --checks=-*,xilinx-systemc-detector -import-directive=C:/Users/dzzhyk/Desktop/Lab4/conv/solution1/.autopilot/db/.systemc_flag -quiet -fix-errors C:/Users/dzzhyk/Desktop/Lab4/conv/solution1/.autopilot/db/conv.pp.0.cpp -- -std=gnu++98 -fhls -ferror-limit=0
Command       tidy_31 done; 1.08 sec.
INFO-FLOW: CDT Preprocessing with tidy-3.1...
Execute       tidy_31 xilinx-directive2pragma C:/Users/dzzhyk/Desktop/Lab4/conv/solution1/.autopilot/db/conv.pp.0.cpp std=gnu++98 -directive=C:/Users/dzzhyk/Desktop/Lab4/conv/solution1/solution1.json 
INFO-FLOW: exec C:/Xilinx/Vivado/2018.2/win64/tools/clang-3.9-csynth/bin/tidy-3.1 -header-filter=.* --checks=-*,xilinx-directive2pragma -import-directive=C:/Users/dzzhyk/Desktop/Lab4/conv/solution1/solution1.json -quiet -fix-errors C:/Users/dzzhyk/Desktop/Lab4/conv/solution1/.autopilot/db/conv.pp.0.cpp -- -std=gnu++98 -fhls -ferror-limit=0
Command       tidy_31 done; 0.811 sec.
Execute       get_config_dataflow -strict_mode 
Execute       ap_eval exec -ignorestderr C:/Xilinx/Vivado/2018.2/win64/tools/clang-3.9-csynth/bin/xilinx-dataflow-lawyer -export-fixes=C:/Users/dzzhyk/Desktop/Lab4/conv/solution1/.autopilot/db/xilinx-dataflow-lawyer.conv.pp.0.cpp.diag.yml C:/Users/dzzhyk/Desktop/Lab4/conv/solution1/.autopilot/db/conv.pp.0.cpp -- -std=gnu++98 -fhls -ferror-limit=0 -fstrict-dataflow > C:/Users/dzzhyk/Desktop/Lab4/conv/solution1/.autopilot/db/xilinx-dataflow-lawyer.conv.pp.0.cpp.out.log 2> C:/Users/dzzhyk/Desktop/Lab4/conv/solution1/.autopilot/db/xilinx-dataflow-lawyer.conv.pp.0.cpp.err.log 
Command       ap_eval done; 1.116 sec.
Execute       tidy_31 -errorcheck xilinx-constantarray-param,xilinx-resource-pragma-transformer C:/Users/dzzhyk/Desktop/Lab4/conv/solution1/.autopilot/db/conv.pp.0.cpp std=gnu++98 
INFO-FLOW: exec C:/Xilinx/Vivado/2018.2/win64/tools/clang-3.9-csynth/bin/tidy-3.1 -header-filter=.* --checks=-*,xilinx-constantarray-param,xilinx-resource-pragma-transformer -quiet -fix-errors C:/Users/dzzhyk/Desktop/Lab4/conv/solution1/.autopilot/db/conv.pp.0.cpp -- -std=gnu++98 -fhls -ferror-limit=0
INFO-FLOW: exec C:/Xilinx/Vivado/2018.2/win64/tools/clang-3.9-csynth/bin/xilinx-legacy-rewriter C:/Users/dzzhyk/Desktop/Lab4/conv/solution1/.autopilot/db/conv.pp.0.cpp -- -std=gnu++98 -fhls -ferror-limit=0
Command       tidy_31 done; 2.835 sec.
INFO-FLOW: tidy-3.1 time 4 seconds per iteration
INFO-FLOW: Pragma Handling...
Execute       tidy_31 xilinx-ssdm-intrinsics-arguments C:/Users/dzzhyk/Desktop/Lab4/conv/solution1/.autopilot/db/conv.pragma.1.cpp std=gnu++98 
INFO-FLOW: exec C:/Xilinx/Vivado/2018.2/win64/tools/clang-3.9-csynth/bin/tidy-3.1 -header-filter=.* --checks=-*,xilinx-ssdm-intrinsics-arguments -quiet -fix-errors C:/Users/dzzhyk/Desktop/Lab4/conv/solution1/.autopilot/db/conv.pragma.1.cpp -- -std=gnu++98 -fhls -ferror-limit=0
Command       tidy_31 done; 1.061 sec.
INFO-FLOW: Source preprocessing
Execute       clang  -fno-limit-debug-info -gcc-toolchain "C:/Xilinx/Vivado/2018.2/msys" -hls  -fno-exceptions  -D__llvm__  -E "C:/Users/dzzhyk/Desktop/Lab4/conv/solution1/.autopilot/db/conv.pragma.1.cpp"     -fno-math-errno -c -emit-llvm -O0  -mllvm -disable-llvm-optzns -fno-threadsafe-statics  -fno-use-cxa-atexit  -fno-threadsafe-statics -fno-use-cxa-atexit -D__CLANG_3_1__ -D__cdecl= -DAESL_SYN -D__SYNTHESIS__ -D__HLS_SYN__ -I "C:/Xilinx/Vivado/2018.2/common/technology/autopilot" -I "C:/Xilinx/Vivado/2018.2/common/technology/autopilot/ap_sysc" -include etc/autopilot_ssdm_op.h -D__DSP48E1__  -o "C:/Users/dzzhyk/Desktop/Lab4/conv/solution1/.autopilot/db/conv.pragma.2.cpp" 
INFO-FLOW: exec C:/Xilinx/Vivado/2018.2/win64/tools/clang/bin/clang -fno-limit-debug-info -gcc-toolchain C:/Xilinx/Vivado/2018.2/msys -hls -fno-exceptions -D__llvm__ -E C:/Users/dzzhyk/Desktop/Lab4/conv/solution1/.autopilot/db/conv.pragma.1.cpp -fno-math-errno -c -emit-llvm -O0 -mllvm -disable-llvm-optzns -fno-threadsafe-statics -fno-use-cxa-atexit -fno-threadsafe-statics -fno-use-cxa-atexit -D__CLANG_3_1__ -D__cdecl= -DAESL_SYN -D__SYNTHESIS__ -D__HLS_SYN__ -I C:/Xilinx/Vivado/2018.2/common/technology/autopilot -I C:/Xilinx/Vivado/2018.2/common/technology/autopilot/ap_sysc -include etc/autopilot_ssdm_op.h -D__DSP48E1__ -o C:/Users/dzzhyk/Desktop/Lab4/conv/solution1/.autopilot/db/conv.pragma.2.cpp
Command       clang done; 1.087 sec.
Execute       get_default_platform 
INFO-FLOW: Processing labels
Execute       clang -src C:/Users/dzzhyk/Desktop/Lab4/conv/solution1/.autopilot/db/conv.pragma.2.cpp  -fno-limit-debug-info -gcc-toolchain C:/Xilinx/Vivado/2018.2/msys -hls -hls-analyze-label -hls-analyze-pragma -fno-exceptions  -D__llvm__  -w  "C:/Users/dzzhyk/Desktop/Lab4/conv/solution1/.autopilot/db/conv.pragma.2.cpp"    -fno-math-errno -c -emit-llvm -O0  -mllvm -disable-llvm-optzns -fno-threadsafe-statics  -fno-use-cxa-atexit -DAESL_SYN -D__SYNTHESIS__ -D__HLS_SYN__ -I "C:/Xilinx/Vivado/2018.2/common/technology/autopilot" -I "C:/Xilinx/Vivado/2018.2/common/technology/autopilot/ap_sysc" -include etc/autopilot_ssdm_op.h -D__DSP48E1__ -g -o "C:/Users/dzzhyk/Desktop/Lab4/conv/solution1/.autopilot/db/conv.bc" 
INFO-FLOW: exec C:/Xilinx/Vivado/2018.2/win64/tools/clang/bin/clang -fno-limit-debug-info -gcc-toolchain C:/Xilinx/Vivado/2018.2/msys -hls -hls-analyze-label -hls-analyze-pragma -fno-exceptions -D__llvm__ -w C:/Users/dzzhyk/Desktop/Lab4/conv/solution1/.autopilot/db/conv.pragma.2.cpp -fno-math-errno -c -emit-llvm -O0 -mllvm -disable-llvm-optzns -fno-threadsafe-statics -fno-use-cxa-atexit -DAESL_SYN -D__SYNTHESIS__ -D__HLS_SYN__ -I C:/Xilinx/Vivado/2018.2/common/technology/autopilot -I C:/Xilinx/Vivado/2018.2/common/technology/autopilot/ap_sysc -include etc/autopilot_ssdm_op.h -D__DSP48E1__ -g -o C:/Users/dzzhyk/Desktop/Lab4/conv/solution1/.autopilot/db/conv.bc
Command       clang done; 3.377 sec.
INFO-FLOW: Linking Debug ...
Execute       llvm-ld C:/Users/dzzhyk/Desktop/Lab4/conv/solution1/.autopilot/db/conv.g.bc -hls-opt -except-internalize my_engine -LC:/Xilinx/Vivado/2018.2/win64/lib -lhlsm -lhlsmc++ -o C:/Users/dzzhyk/Desktop/Lab4/conv/solution1/.autopilot/db/a.g 
Command       llvm-ld done; 1.804 sec.
INFO: [HLS 200-111] Finished Linking Time (s): cpu = 00:00:01 ; elapsed = 00:00:20 . Memory (MB): peak = 101.059 ; gain = 44.668
INFO: [HLS 200-111] Finished Checking Pragmas Time (s): cpu = 00:00:01 ; elapsed = 00:00:20 . Memory (MB): peak = 101.059 ; gain = 44.668
Execute       ::config_rtl 
Execute       opt_and_import_c a -opt_level=2 -skip_syncheck=0 -ng=0 -keep_printf=0 
Execute         cleanup_all_models 
INFO: [HLS 200-10] Starting code transformations ...
Execute         transform -promote-dbg-pointer C:/Users/dzzhyk/Desktop/Lab4/conv/solution1/.autopilot/db/a.pp.bc -o C:/Users/dzzhyk/Desktop/Lab4/conv/solution1/.autopilot/db/a.pp.0.bc -f 
Command         transform done; 0.101 sec.
Execute         llvm-ld C:/Users/dzzhyk/Desktop/Lab4/conv/solution1/.autopilot/db/a.pp.0.bc -disable-opt -LC:/Xilinx/Vivado/2018.2/win64/lib -lfloatconversion -o C:/Users/dzzhyk/Desktop/Lab4/conv/solution1/.autopilot/db/a.g.0 
Command         llvm-ld done; 0.722 sec.
INFO-FLOW: Running Standard Transforms...
Execute         transform -hls -share-std-xform -demangle-name -inline-byval-memcpy -always-inline -promote-dbg-pointer -interface-preproc -scalarrepl -mem2reg -keep-read-access -instcombine -dce -promote-dbg-pointer -bitop-raise -loop-simplify -indvarspre -indvars -loop-simplify -xunroll -constprop -instcombine -simplifycfg -indvars -simplifycfg -dce -globaldce -basicaa -simplifycfg -mem2reg -globalopt -global-constprop -deadargelim -instcombine -simplifycfg -prune-eh -simplifycfg -scalarrepl -instcombine -reassociate -licm -simplifycfg -loop-simplify -indvars -instcombine -simplifycfg -mem2reg -loop-simplify -indvars -instcombine -gvn -gvn -instcombine -adce -break-crit-edges -simplifycfg -loop-delete -global-array-opt -dce -dse -adce -find-syn-modules -top my_engine -deadargelim -mem2reg -instcombine -dce -presyn-prepare -auto-rom-infer -interface-preproc -syn-check -check-rec-only -find-region -simplifycfg -func-extr -function-inline -globaldce -mem2reg -instcombine -dce -gvn -globaldce -adce -adse -constprop -instcombine -bit-constprop -instcombine -dce -simplifycfg -bitop-raise -simplifycfg -dce -loop-delete -reassociate -globalopt -global-privatize -mem2reg -dce -global-constprop -pointer-simplify -constprop -dce -func-inst -deadargelim -auto-shift-reg-idiom -promote-dbg-pointer -norm-name C:/Users/dzzhyk/Desktop/Lab4/conv/solution1/.autopilot/db/a.g.0.bc -o C:/Users/dzzhyk/Desktop/Lab4/conv/solution1/.autopilot/db/a.g.1.bc -f -phase std-opt 
INFO: [XFORM 203-501] Unrolling loop 'Loop-1' (C:/Xilinx/Vivado/2018.2/common/technology/autopilot/hls/hls_video_mem.h:727) in function 'hls::LineBuffer<2, 8, ap_int<8>, 0>::shift_pixels_up(int)' completely.
INFO: [XFORM 203-603] Inlining function 'hls::LineBuffer<8, 1, ap_int<24>, 0>::getval' into 'hls::LineBuffer<8, 1, ap_int<24>, 0>::operator()' (C:/Xilinx/Vivado/2018.2/common/technology/autopilot/hls/hls_video_mem.h:843).
INFO: [XFORM 203-603] Inlining function 'hls::LineBuffer<8, 1, ap_int<24>, 0>::operator()' into 'my_engine' (conv/conv.cpp:29).
INFO: [XFORM 203-603] Inlining function 'hls::LineBuffer<8, 1, ap_int<24>, 0>::operator()' into 'my_engine' (conv/conv.cpp:93).
INFO: [XFORM 203-603] Inlining function 'hls::LineBuffer<8, 1, ap_int<24>, 0>::operator()' into 'my_engine' (conv/conv.cpp:99).
INFO: [XFORM 203-603] Inlining function 'hls::LineBuffer<8, 1, ap_int<24>, 0>::operator()' into 'my_engine' (conv/conv.cpp:100).
INFO: [XFORM 203-603] Inlining function 'hls::LineBuffer<8, 1, ap_int<24>, 0>::operator()' into 'my_engine' (conv/conv.cpp:100).
INFO: [XFORM 203-603] Inlining function 'hls::LineBuffer<8, 1, ap_int<24>, 0>::operator()' into 'my_engine' (conv/conv.cpp:101).
INFO: [XFORM 203-603] Inlining function 'hls::LineBuffer<8, 1, ap_int<24>, 0>::operator()' into 'my_engine' (conv/conv.cpp:101).
INFO: [XFORM 203-603] Inlining function 'hls::LineBuffer<8, 1, ap_int<24>, 0>::operator()' into 'my_engine' (conv/conv.cpp:102).
INFO: [XFORM 203-603] Inlining function 'hls::LineBuffer<8, 1, ap_int<24>, 0>::operator()' into 'my_engine' (conv/conv.cpp:102).
INFO: [XFORM 203-603] Inlining function 'hls::LineBuffer<2, 8, ap_int<8>, 0>::getval' into 'hls::LineBuffer<2, 8, ap_int<8>, 0>::operator()' (C:/Xilinx/Vivado/2018.2/common/technology/autopilot/hls/hls_video_mem.h:843).
INFO: [XFORM 203-603] Inlining function 'hls::LineBuffer<2, 8, ap_int<8>, 0>::operator()' into 'my_engine' (conv/conv.cpp:147).
INFO: [XFORM 203-603] Inlining function 'hls::LineBuffer<2, 8, ap_int<8>, 0>::operator()' into 'my_engine' (conv/conv.cpp:133).
INFO: [XFORM 203-603] Inlining function 'hls::LineBuffer<2, 8, ap_int<8>, 0>::operator()' into 'my_engine' (conv/conv.cpp:45).
INFO: [XFORM 203-603] Inlining function 'hls::LineBuffer<2, 8, ap_int<8>, 0>::operator()' into 'my_engine' (conv/conv.cpp:44).
INFO: [XFORM 203-603] Inlining function 'hls::LineBuffer<2, 8, ap_int<8>, 0>::operator()' into 'my_engine' (conv/conv.cpp:41).
INFO: [XFORM 203-603] Inlining function 'hls::LineBuffer<2, 8, ap_int<8>, 0>::operator()' into 'my_engine' (conv/conv.cpp:40).
INFO: [XFORM 203-603] Inlining function 'hls::Window<3, 3, ap_int<8> >::getval' into 'hls::Window<3, 3, ap_int<8> >::operator()' (C:/Xilinx/Vivado/2018.2/common/technology/autopilot/hls/hls_video_mem.h:501).
INFO: [XFORM 203-603] Inlining function 'hls::Window<3, 3, ap_int<8> >::operator()' into 'my_engine' (conv/conv.cpp:140).
INFO: [XFORM 203-603] Inlining function 'hls::Window<3, 3, ap_int<8> >::operator()' into 'my_engine' (conv/conv.cpp:134).
INFO: [XFORM 203-603] Inlining function 'hls::Window<3, 3, ap_int<8> >::operator()' into 'my_engine' (conv/conv.cpp:57).
INFO: [XFORM 203-603] Inlining function 'hls::Window<3, 3, ap_int<8> >::operator()' into 'my_engine' (conv/conv.cpp:55).
INFO: [XFORM 203-603] Inlining function 'hls::LineBuffer<8, 1, ap_int<24>, 0>::shift_pixels_up' into 'hls::LineBuffer<8, 1, ap_int<24>, 0>::shift_up' (C:/Xilinx/Vivado/2018.2/common/technology/autopilot/hls/hls_video_mem.h:863).
INFO: [XFORM 203-603] Inlining function 'hls::LineBuffer<8, 1, ap_int<24>, 0>::shift_up' into 'my_engine' (conv/conv.cpp:92).
INFO: [XFORM 203-603] Inlining function 'hls::Window<3, 3, ap_int<8> >::shift_pixels_left' into 'hls::Window<3, 3, ap_int<8> >::shift_left' (C:/Xilinx/Vivado/2018.2/common/technology/autopilot/hls/hls_video_mem.h:533).
INFO: [XFORM 203-603] Inlining function 'hls::Window<3, 3, ap_int<8> >::shift_left' into 'my_engine' (conv/conv.cpp:124).
INFO: [XFORM 203-603] Inlining function 'hls::LineBuffer<2, 8, ap_int<8>, 0>::shift_pixels_up' into 'hls::LineBuffer<2, 8, ap_int<8>, 0>::shift_up' (C:/Xilinx/Vivado/2018.2/common/technology/autopilot/hls/hls_video_mem.h:863).
INFO: [XFORM 203-603] Inlining function 'hls::LineBuffer<2, 8, ap_int<8>, 0>::shift_up' into 'my_engine' (conv/conv.cpp:144).
Command         transform done; 0.228 sec.
INFO: [HLS 200-111] Finished Standard Transforms Time (s): cpu = 00:00:01 ; elapsed = 00:00:21 . Memory (MB): peak = 135.316 ; gain = 78.926
INFO: [HLS 200-10] Checking synthesizability ...
INFO-FLOW: Checking Synthesizability 1/2..
Execute         transform -hls -syn-check -check-rec-only -disaggr -scalarrepl -norm-name -dce -mem2reg -instcombine -function-uniquify -directive-preproc -mem2reg -dse -dce -auto-rom-infer -dce -array-normalize -instcombine -dce -warn-fifo-pointer -array-seg-normalize -instcombine -dce -array-flatten -instcombine -dce -array-burst -dce -deadargelim -promote-global-argument -simplifycfg -mem2reg -globaldce -resolve-double-ptr -dce -deadargelim -dce -instcombine -function-inline -globaldce -dce -doublePtrSimplify -doublePtrElim -dce -doublePtrSimplify -promote-dbg-pointer -dce -scalarrepl -dse -adse -instcombine -ptrLegalization -simplifycfg -dce -instcombine -pointer-simplify -ptrArgReplace -dce -instcombine -disaggr -scalarrepl -norm-name -dce -mem2reg -instcombine -ptrLegalization -simplifycfg -deadargelim -instcombine -dce -inst-simplify -function-uniquify -directive-preproc -mem2reg -dse -dce -globaldce C:/Users/dzzhyk/Desktop/Lab4/conv/solution1/.autopilot/db/a.g.1.bc -o C:/Users/dzzhyk/Desktop/Lab4/conv/solution1/.autopilot/db/a.g.2.prechk.bc -f 
INFO: [XFORM 203-602] Inlining function 'bounds_ok' into 'my_engine' (conv/conv.cpp:79) automatically.
INFO: [XFORM 203-602] Inlining function 'conv2D' into 'my_engine' (conv/conv.cpp:83) automatically.
Command         transform done; 0.174 sec.
INFO-FLOW: Checking Synthesizability 2/2..
Execute         transform -syn-check C:/Users/dzzhyk/Desktop/Lab4/conv/solution1/.autopilot/db/a.g.2.prechk.bc -o C:/Users/dzzhyk/Desktop/Lab4/conv/solution1/.autopilot/db/a.g.2.bc -f -phase syn-check 
Command         transform done; 0.118 sec.
INFO: [HLS 200-111] Finished Checking Synthesizability Time (s): cpu = 00:00:01 ; elapsed = 00:00:21 . Memory (MB): peak = 158.602 ; gain = 102.211
INFO-FLOW: Compiler optimizing ...
INFO-FLOW: Share syncheck's 1.bc for syn flow: copy C:/Users/dzzhyk/Desktop/Lab4/conv/solution1/.autopilot/db/a.g.1.bc to C:/Users/dzzhyk/Desktop/Lab4/conv/solution1/.autopilot/db/a.o.1.bc
INFO-FLOW: Presyn 1...
Execute         transform -hls -tmp C:/Users/dzzhyk/Desktop/Lab4/conv/solution1/.autopilot/db -interface-port-rename -type-info -function-uniquify -directive-preproc -mem2reg -dse -dce -disaggr -scalarrepl -norm-name -deadargelim -mem2reg -instcombine -dce -simplifycfg -auto-rom-infer -dce -function-uniquify -resource-proc -simplifycfg -mem2reg -globaldce -resolve-double-ptr -dce -deadargelim -dce -instcombine -clib-intrinsic-prepare -dce -func-buffer -dce -array-normalize -func-legal -instcombine -gvn -constprop -dce -ptrArgReplace -mem2reg -instcombine -dce -array-seg-normalize -deadargelim -instcombine -dce -pointer-simplify -dce -port-alignment -dce -interface-preproc -data-pack -instcombine -dce -basicaa -aggr-aa -aggrmodref-aa -aggr-aa -gvn -gvn -basicaa -aggr-aa -aggrmodref-aa -aggr-aa -dse -adse -adce -loop-simplify -indvars -instcombine -gvn -loop-simplify -mem2reg -dce -find-region -instcombine -auto-loop-pipeline -inst-simplify -interface-preproc -cfgopt -instcombine -indvars -auto-loop-unroll -loop-simplify -loop-bound -xunroll -constprop -instcombine -simplifycfg -indvars -simplifycfg -dce -globaldce -clean-region -attach-range -gvn -inst-simplify -constprop -simplifycfg -dce -pointer-simplify -dce -globalopt -constprop -dce -array-promote -constprop -instcombine -dce -ptrArgReplace -mem2reg -instcombine -simplifycfg -dce -auto-par -instcombine -dce -array-transform-check -array-reshape -instcombine -simplifycfg -dce -ptrArgReplace -deadargelim -mem2reg -instcombine -simplifycfg -dce -indvars -loop-simplify -loop-bound -xunroll -constprop -instcombine -simplifycfg -indvars -simplifycfg -dce -globaldce -duplicate-dataflow-processes -globaldce -instcombine -array-partition -instcombine -simplifycfg -dce -ptrArgReplace -global-constprop -deadargelim -mem2reg -func-legal -instcombine -dce -global-constprop -deadargelim -mem2reg -instcombine -simplifycfg -dce -merge-param -deadargelim -globalopt -constprop -dce -array-promote -constprop -instcombine -dce -ptrArgReplace -mem2reg -instcombine -simplifycfg -dce -mem-intrinsic-preproc -dce -global-internalize -global-privatize -mem2reg -globaldce -promote-global-argument -ptrArgReplace -mem2reg -instcombine -dce -globalopt -mergereturn -simplify-global-access -mem2reg -dce -pointer-simplify -dce -functionattrs -basicaa -aggr-aa -aggrmodref-aa -aggr-aa -gvn -gvn -basicaa -aggr-aa -aggrmodref-aa -aggr-aa -dse -adse -adce -inst-simplify -dce -norm-name -function-inline -globaldce -func-inst -constprop -instcombine -simplifycfg -dce -func-legal -dce -loop-bound -arraycheck -bitwidthmin -on-by-dataflow -loop-delete -instcombine -simplifycfg -globaldce -dce -gvn -deadargelim -dce -loop-simplify -clean-region -simplifycfg -propagate-stable-arguments -loop-stream -instcombine -simplifycfg -dce -globaldce -duplicate-dataflow-processes -stream-intrinsic-preproc -dce -check-ap-stream -loop-simplify -eliminate-keepreads -extract-dataflow-in-loop -loop-simplify -dce -gvn -deadargelim -dse -check-dataflow-syntax -legalize-stream-variable -legalize-global -extract-subproc -dce -dead-channel-elimination -canonicalize-gep -globaldce -dce -gvn -deadargelim -annotate-dataflow-channels -scalar-propagation -deadargelim -globaldce -mem2reg -check-dataflow-channels -function-stream -dce -globaldce -prop-fifo-spec -internal-stream-gen -canonicalize-gep -globaldce -dce -gvn -deadargelim -mergereturn -indvars -loop-simplify -instcombine -array-stream -array-seg-normalize -array-partition -func-legal -instcombine -simplifycfg -dce -bundle-memfifo-ops -deadargelim -function-uniquify -directive-preproc -mem2reg -dse -dce -group-axi-access -licm -simplifycfg -dce -loop-delete -norm-name C:/Users/dzzhyk/Desktop/Lab4/conv/solution1/.autopilot/db/a.o.1.bc -o C:/Users/dzzhyk/Desktop/Lab4/conv/solution1/.autopilot/db/a.o.1.tmp.bc -f 
INFO: [XFORM 203-501] Unrolling loop 'Loop-7.1.2' (C:/Xilinx/Vivado/2018.2/common/technology/autopilot/hls/hls_video_mem.h:727) in function 'my_engine' completely.
INFO: [XFORM 203-501] Unrolling loop 'Loop-7.1.4.1' (C:/Xilinx/Vivado/2018.2/common/technology/autopilot/hls/hls_video_mem.h:123) in function 'my_engine' completely.
INFO: [XFORM 203-501] Unrolling loop 'Loop-7.1.4.1.1' (C:/Xilinx/Vivado/2018.2/common/technology/autopilot/hls/hls_video_mem.h:125) in function 'my_engine' completely.
INFO: [XFORM 203-101] Partitioning array 'pool_buffer.val.V' (conv/conv.cpp:27) in dimension 1 completely.
INFO: [XFORM 203-101] Partitioning array 'linebuf.val.V' (conv/conv.cpp:37) in dimension 2 completely.
INFO: [XFORM 203-101] Partitioning array 'window.val.V' (conv/conv.cpp:50) in dimension 2 completely.
INFO: [XFORM 203-101] Partitioning array 'window.val.V' (conv/conv.cpp:50) in dimension 3 completely.
INFO: [XFORM 203-102] Partitioning array 'pool_buffer.val.V.0' (conv/conv.cpp:27) automatically.
INFO: [XFORM 203-102] Partitioning array 'pool_buffer.val.V.1' (conv/conv.cpp:27) automatically.
INFO: [XFORM 203-102] Partitioning array 'pool_buffer.val.V.2' (conv/conv.cpp:27) automatically.
INFO: [XFORM 203-102] Partitioning array 'pool_buffer.val.V.3' (conv/conv.cpp:27) automatically.
INFO: [XFORM 203-102] Partitioning array 'pool_buffer.val.V.4' (conv/conv.cpp:27) automatically.
INFO: [XFORM 203-102] Partitioning array 'pool_buffer.val.V.5' (conv/conv.cpp:27) automatically.
INFO: [XFORM 203-102] Partitioning array 'pool_buffer.val.V.6' (conv/conv.cpp:27) automatically.
INFO: [XFORM 203-102] Partitioning array 'pool_buffer.val.V.7' (conv/conv.cpp:27) automatically.
INFO: [XFORM 203-602] Inlining function 'bounds_ok' into 'my_engine' (conv/conv.cpp:79) automatically.
INFO: [XFORM 203-602] Inlining function 'conv2D' into 'my_engine' (conv/conv.cpp:83) automatically.
Command         transform done; 0.429 sec.
INFO-FLOW: Presyn 2...
Execute         transform -hls -keep-callgraph -scalarrepl -mem2reg -port-alignment -attach-range -dce -pipe-mux-gen -indvars -loop-bound -inst-simplify -instcombine -dce -merge-array-access -mem2reg -dce -clean-region -mergereturn -if-conv -instcombine -dce -constprop -basicaa -aggr-aa -aggrmodref-aa -aggr-aa -gvn -gvn -basicaa -aggr-aa -aggrmodref-aa -aggr-aa -dse -adse -adce -scalarrepl -mem2reg -global-constprop -deadargelim -deadargelim -instcombine -dce -simplifycfg -ptrArgReplace -mem2reg -function-inline -globaldce -mem2reg -instcombine -dce -expr-balance -instcombine -dce -bitwidthmin -interface-preproc -directive-preproc -inst-rectify -instcombine -dce -functionattrs -constprop -instcombine -bit-constprop -simplify-global-access -globalopt -globaldce -inst-simplify -instcombine -elimdeaddata -dce -loop-delete -simplifycfg -loop-simplify -auto-burst -norm-name C:/Users/dzzhyk/Desktop/Lab4/conv/solution1/.autopilot/db/a.o.1.tmp.bc -o C:/Users/dzzhyk/Desktop/Lab4/conv/solution1/.autopilot/db/a.o.2.bc -f -phase presyn 
INFO: [XFORM 203-11] Balancing expressions in function 'my_engine' (conv/conv.cpp:23)...9 expression(s) balanced.
Command         transform done; 0.279 sec.
INFO: [HLS 200-111] Finished Pre-synthesis Time (s): cpu = 00:00:02 ; elapsed = 00:00:22 . Memory (MB): peak = 204.223 ; gain = 147.832
INFO-FLOW: Building ssdm...
Execute         transform -hls -function-uniquify -auto-function-inline -globaldce -ptrArgReplace -mem2reg -instcombine -dce -reset-lda -loop-simplify -indvars -licm -loop-dep -loop-bound -licm -loop-simplify -flattenloopnest -array-flatten -gvn -instcombine -dce -array-map -dce -func-legal -gvn -adce -instcombine -cfgopt -simplifycfg -loop-simplify -array-burst -promote-global-argument -dce -axi4-lower -array-seg-normalize -basicaa -aggrmodref-aa -globalsmodref-aa -aggr-aa -gvn -gvn -basicaa -aggrmodref-aa -globalsmodref-aa -aggr-aa -dse -adse -adce -licm -inst-simplify -dce -globaldce -instcombine -array-stream -eliminate-keepreads -instcombine -dce -deadargelim -doublePtrSimplify -doublePtrElim -dce -doublePtrSimplify -promote-dbg-pointer -dce -scalarrepl -mem2reg -disaggr -norm-name -mem2reg -instcombine -dse -adse -adce -ptrLegalization -dce -auto-rom-infer -array-flatten -dce -instcombine -check-doubleptr -loop-rot -constprop -cfgopt -simplifycfg -loop-simplify -indvars -pointer-simplify -dce -loop-bound -loop-simplify -loop-preproc -constprop -global-constprop -gvn -mem2reg -instcombine -dce -loop-bound -loop-merge -dce -bitwidthmin -deadargelim -dce -canonicalize-dataflow -dce -scalar-propagation -deadargelim -globaldce -mem2reg -read-loop-dep -interface-preproc -directive-preproc -interface-gen -bram-byte-enable -deadargelim -inst-simplify -dce -gvn -mem2reg -instcombine -dce -adse -loop-bound -instcombine -cfgopt -simplifycfg -loop-simplify -clean-region -io-protocol -find-region -mem2reg -bitop-raise -inst-simplify -inst-rectify -instcombine -adce -deadargelim -loop-simplify -phi-opt -bitop-raise -cfgopt -simplifycfg -strip-dead-prototypes -interface-lower -bitop-lower -intrinsic-lower -auto-function-inline -basicaa -aggrmodref-aa -globalsmodref-aa -aggr-aa -inst-simplify -simplifycfg -loop-simplify -mergereturn -inst-simplify -inst-rectify -dce -load-elim -bitop-lower -loop-rewind -pointer-simplify -dce -cfgopt -dce -bitwidth -loop-dep -read-loop-dep -dce -check-stream -norm-name -legalize -validate-dataflow -dead-allocation-elimination -cdfg-build C:/Users/dzzhyk/Desktop/Lab4/conv/solution1/.autopilot/db/a.o.2.bc -o C:/Users/dzzhyk/Desktop/Lab4/conv/solution1/.autopilot/db/a.o.3.bc -f -phase build-ssdm 
WARNING: [ANALYSIS 214-52] Found false inter dependency for variable 'pool_buffer.val[6].V' (conv/conv.cpp:27).
WARNING: [ANALYSIS 214-52] Found false inter dependency for variable 'pool_buffer.val[1].V' (conv/conv.cpp:27).
WARNING: [ANALYSIS 214-52] Found false inter dependency for variable 'pool_buffer.val[4].V' (conv/conv.cpp:27).
WARNING: [ANALYSIS 214-52] Found false inter dependency for variable 'pool_buffer.val[0].V' (conv/conv.cpp:27).
WARNING: [ANALYSIS 214-52] Found false inter dependency for variable 'pool_buffer.val[7].V' (conv/conv.cpp:27).
WARNING: [ANALYSIS 214-52] Found false inter dependency for variable 'pool_buffer.val[3].V' (conv/conv.cpp:27).
WARNING: [ANALYSIS 214-52] Found false inter dependency for variable 'pool_buffer.val[2].V' (conv/conv.cpp:27).
WARNING: [ANALYSIS 214-52] Found false inter dependency for variable 'pool_buffer.val[5].V' (conv/conv.cpp:27).
WARNING: [ANALYSIS 214-52] Found false intra dependency for variable 'pool_buffer.val[6].V' (conv/conv.cpp:27).
WARNING: [ANALYSIS 214-52] Found false intra dependency for variable 'pool_buffer.val[1].V' (conv/conv.cpp:27).
WARNING: [ANALYSIS 214-52] Found false intra dependency for variable 'pool_buffer.val[4].V' (conv/conv.cpp:27).
WARNING: [ANALYSIS 214-52] Found false intra dependency for variable 'pool_buffer.val[0].V' (conv/conv.cpp:27).
WARNING: [ANALYSIS 214-52] Found false intra dependency for variable 'pool_buffer.val[7].V' (conv/conv.cpp:27).
WARNING: [ANALYSIS 214-52] Found false intra dependency for variable 'pool_buffer.val[3].V' (conv/conv.cpp:27).
WARNING: [ANALYSIS 214-52] Found false intra dependency for variable 'pool_buffer.val[2].V' (conv/conv.cpp:27).
WARNING: [ANALYSIS 214-52] Found false intra dependency for variable 'pool_buffer.val[5].V' (conv/conv.cpp:27).
WARNING: [ANALYSIS 214-52] Found false inter dependency for variable 'linebuf.val[0].V' (conv/conv.cpp:37).
WARNING: [ANALYSIS 214-52] Found false intra dependency for variable 'linebuf.val[0].V' (conv/conv.cpp:37).
Command         transform done; 0.522 sec.
INFO: [HLS 200-111] Finished Architecture Synthesis Time (s): cpu = 00:00:03 ; elapsed = 00:00:22 . Memory (MB): peak = 211.113 ; gain = 154.723
INFO-FLOW: Finish building internal data model.
Command       opt_and_import_c done; 2.597 sec.
Command     elaborate done; 21.55 sec.
Execute     autosyn -from_csynth_design=1 
INFO: [HLS 200-10] Starting hardware synthesis ...
INFO-FLOW: Synthesizing C/C++ design ...
INFO: [HLS 200-10] Synthesizing 'my_engine' ...
Execute       ap_set_top_model my_engine 
Execute       get_model_list my_engine -filter all-wo-channel -topdown 
Execute       preproc_iomode -model my_engine 
Execute       get_model_list my_engine -filter all-wo-channel 
INFO-FLOW: Model list for configure: my_engine
INFO-FLOW: Configuring Module : my_engine ...
Execute       set_default_model my_engine 
Execute       apply_spec_resource_limit my_engine 
INFO-FLOW: Model list for preprocess: my_engine
INFO-FLOW: Preprocessing Module: my_engine ...
Execute       set_default_model my_engine 
Execute       cdfg_preprocess -model my_engine 
Execute       rtl_gen_preprocess my_engine 
INFO-FLOW: Model list for synthesis: my_engine
INFO: [HLS 200-10] ----------------------------------------------------------------
INFO: [HLS 200-42] -- Implementing module 'my_engine' 
INFO: [HLS 200-10] ----------------------------------------------------------------
Execute       set_default_model my_engine 
Execute       schedule -model my_engine 
INFO: [SCHED 204-11] Starting scheduling ...
INFO: [SCHED 204-11] Finished scheduling.
Command       schedule done; 0.174 sec.
INFO: [HLS 200-111]  Elapsed time: 22.62 seconds; current allocated memory: 158.886 MB.
Execute       report -o C:/Users/dzzhyk/Desktop/Lab4/conv/solution1/.autopilot/db/my_engine.verbose.sched.rpt -verbose -f 
INFO: [HLS 200-434] Only 0 loops out of a total 21 loops have been pipelined in this design.
Command       report done; 0.101 sec.
Execute       db_write -o C:/Users/dzzhyk/Desktop/Lab4/conv/solution1/.autopilot/db/my_engine.sched.adb -f 
INFO-FLOW: Finish scheduling my_engine.
Execute       set_default_model my_engine 
Execute       bind -model my_engine 
BIND OPTION: fu_weight=[ 0.0 -- 1.0 ]
BIND OPTION: model=my_engine
BIND OPTION: reg_weight=[ 0.0 -- 1.0 ]
INFO: [BIND 205-100] Starting micro-architecture generation ...
INFO: [BIND 205-101] Performing variable lifetime analysis.
INFO: [BIND 205-101] Exploring resource sharing.
INFO: [BIND 205-101] Binding ...
INFO: [BIND 205-100] Finished micro-architecture generation.
INFO: [HLS 200-111]  Elapsed time: 0.283 seconds; current allocated memory: 160.153 MB.
Execute       report -o C:/Users/dzzhyk/Desktop/Lab4/conv/solution1/.autopilot/db/my_engine.verbose.bind.rpt -verbose -f 
Command       report done; 0.185 sec.
Execute       db_write -o C:/Users/dzzhyk/Desktop/Lab4/conv/solution1/.autopilot/db/my_engine.bind.adb -f 
INFO-FLOW: Finish binding my_engine.
Execute       get_model_list my_engine -filter all-wo-channel 
INFO-FLOW: Preprocessing for RTLGen ...
Execute       rtl_gen_preprocess my_engine 
INFO-FLOW: Model list for RTL generation: my_engine
INFO: [HLS 200-10] ----------------------------------------------------------------
INFO: [HLS 200-10] -- Generating RTL for module 'my_engine' 
INFO: [HLS 200-10] ----------------------------------------------------------------
Execute       get_config_rtl -prefix 
Execute       get_config_rtl -auto_prefix 
Execute       create_rtl_model my_engine -vendor xilinx -mg_file C:/Users/dzzhyk/Desktop/Lab4/conv/solution1/.autopilot/db/my_engine.compgen.tcl 
INFO: [RTGEN 206-500] Setting interface mode on port 'my_engine/img_V' to 'ap_memory'.
INFO: [RTGEN 206-500] Setting interface mode on port 'my_engine/weight_V' to 'ap_memory'.
INFO: [RTGEN 206-500] Setting interface mode on port 'my_engine/out_V' to 'ap_memory'.
INFO: [RTGEN 206-500] Setting interface mode on function 'my_engine' to 'ap_ctrl_hs'.
INFO: [SYN 201-210] Renamed object name 'my_engine_linebuf_val_0_V' to 'my_engine_linebufbkb' due to the length limit 20
INFO: [SYN 201-210] Renamed object name 'my_engine_linebuf_val_1_V' to 'my_engine_linebufcud' due to the length limit 20
INFO: [SYN 201-210] Renamed object name 'my_engine_window_val_0_V_0' to 'my_engine_window_dEe' due to the length limit 20
INFO: [SYN 201-210] Renamed object name 'my_engine_window_val_0_V_1' to 'my_engine_window_eOg' due to the length limit 20
INFO: [SYN 201-210] Renamed object name 'my_engine_window_val_0_V_2' to 'my_engine_window_fYi' due to the length limit 20
INFO: [SYN 201-210] Renamed object name 'my_engine_window_val_1_V_0' to 'my_engine_window_g8j' due to the length limit 20
INFO: [SYN 201-210] Renamed object name 'my_engine_window_val_1_V_1' to 'my_engine_window_hbi' due to the length limit 20
INFO: [SYN 201-210] Renamed object name 'my_engine_window_val_1_V_2' to 'my_engine_window_ibs' due to the length limit 20
INFO: [SYN 201-210] Renamed object name 'my_engine_window_val_2_V_0' to 'my_engine_window_jbC' due to the length limit 20
INFO: [SYN 201-210] Renamed object name 'my_engine_window_val_2_V_1' to 'my_engine_window_kbM' due to the length limit 20
INFO: [SYN 201-210] Renamed object name 'my_engine_window_val_2_V_2' to 'my_engine_window_lbW' due to the length limit 20
INFO: [SYN 201-210] Renamed object name 'my_engine_new_pixel_V' to 'my_engine_new_pixmb6' due to the length limit 20
INFO: [SYN 201-210] Renamed object name 'my_engine_mux_94_8_2_1' to 'my_engine_mux_94_ncg' due to the length limit 20
INFO: [RTGEN 206-100] Generating core module 'my_engine_mux_94_ncg': 1 instance(s).
INFO: [RTGEN 206-100] Finished creating RTL model for 'my_engine'.
Command       create_rtl_model done; 0.134 sec.
INFO: [HLS 200-111]  Elapsed time: 0.449 seconds; current allocated memory: 162.374 MB.
Execute       source C:/Users/dzzhyk/Desktop/Lab4/conv/solution1/.autopilot/db/my_engine.rtl_wrap.cfg.tcl 
Execute       gen_rtl my_engine -istop -style xilinx -tracefl mytrace -tracefmt vcd -traceopt all -f -lang sc -o C:/Users/dzzhyk/Desktop/Lab4/conv/solution1/syn/systemc/my_engine -synmodules my_engine 
Execute       gen_rtl my_engine -istop -style xilinx -f -lang vhdl -o C:/Users/dzzhyk/Desktop/Lab4/conv/solution1/syn/vhdl/my_engine 
Execute       gen_rtl my_engine -istop -style xilinx -f -lang vlog -o C:/Users/dzzhyk/Desktop/Lab4/conv/solution1/syn/verilog/my_engine 
Execute       export_constraint_db -o C:/Users/dzzhyk/Desktop/Lab4/conv/solution1/.autopilot/db/my_engine.constraint.tcl -f -tool general 
Execute       report -model my_engine -o C:/Users/dzzhyk/Desktop/Lab4/conv/solution1/.autopilot/db/my_engine.design.xml -verbose -f -dv 
Execute       report -model my_engine -o C:/Users/dzzhyk/Desktop/Lab4/conv/solution1/.autopilot/db/my_engine.sdaccel.xml -verbose -f -sdaccel 
Command       report done; 0.135 sec.
Execute       gen_tb_info my_engine -o C:/Users/dzzhyk/Desktop/Lab4/conv/solution1/.autopilot/db/my_engine -p C:/Users/dzzhyk/Desktop/Lab4/conv/solution1/.autopilot/db 
Execute       report -model my_engine -o C:/Users/dzzhyk/Desktop/Lab4/conv/solution1/syn/report/my_engine_csynth.rpt -f 
Execute       report -model my_engine -o C:/Users/dzzhyk/Desktop/Lab4/conv/solution1/syn/report/my_engine_csynth.xml -f -x 
Execute       report -model my_engine -o C:/Users/dzzhyk/Desktop/Lab4/conv/solution1/.autopilot/db/my_engine.verbose.rpt -verbose -f 
Command       report done; 0.234 sec.
Execute       db_write -model my_engine -o C:/Users/dzzhyk/Desktop/Lab4/conv/solution1/.autopilot/db/my_engine.adb -f 
Command       db_write done; 0.174 sec.
Execute       sc_get_clocks my_engine 
Execute       sc_get_portdomain my_engine 
INFO-FLOW: Model list for RTL component generation: my_engine
INFO-FLOW: Handling components in module [my_engine] ... 
Execute       source C:/Users/dzzhyk/Desktop/Lab4/conv/solution1/.autopilot/db/my_engine.compgen.tcl 
INFO-FLOW: Found component my_engine_mux_94_ncg.
INFO-FLOW: Append model my_engine_mux_94_ncg
INFO-FLOW: Found component my_engine_linebufbkb.
INFO-FLOW: Append model my_engine_linebufbkb
INFO-FLOW: Found component my_engine_window_dEe.
INFO-FLOW: Append model my_engine_window_dEe
INFO-FLOW: Append model my_engine
INFO-FLOW: Generating RTL model list ...
INFO-FLOW: All models in this session: my_engine_mux_94_ncg my_engine_linebufbkb my_engine_window_dEe my_engine
INFO-FLOW: To file: write model my_engine_mux_94_ncg
INFO-FLOW: To file: write model my_engine_linebufbkb
INFO-FLOW: To file: write model my_engine_window_dEe
INFO-FLOW: To file: write model my_engine
INFO-FLOW: Finished generating RTL model list.


INFO-FLOW: RTL Generation done.
INFO-FLOW: CAS Generation done.
INFO-FLOW: CBC Generation done.
Execute       get_config_sdx -target 
Execute       source C:/Users/dzzhyk/Desktop/Lab4/conv/solution1/.autopilot/db/global.setting.tcl 
Execute       source C:/Xilinx/Vivado/2018.2/common/technology/generic/autopilot/common.gen 
Execute         source C:/Xilinx/Vivado/2018.2/common/technology/generic/autopilot/APCoreGen.gen 
Execute       source C:/Xilinx/Vivado/2018.2/common/technology/generic/autopilot/op.gen 
Execute       source C:/Xilinx/Vivado/2018.2/common/technology/generic/autopilot/op_simcore.gen 
Execute       source C:/Xilinx/Vivado/2018.2/common/technology/generic/autopilot/interface.gen 
Execute       source C:/Users/dzzhyk/Desktop/Lab4/conv/solution1/.autopilot/db/global.setting.tcl 
Execute       source C:/Xilinx/Vivado/2018.2/common/technology/xilinx/kintex7l/kintex7l.gen 
Execute         source C:/Xilinx/Vivado/2018.2/common/technology/xilinx/common/virtex.gen 
Execute           source C:/Xilinx/Vivado/2018.2/common/technology/xilinx/common/xilinx.gen 
Execute             source C:/Xilinx/Vivado/2018.2/common/technology/xilinx/interface/plb46.gen 
Execute             source C:/Xilinx/Vivado/2018.2/common/technology/xilinx/interface/fsl.gen 
Execute             source C:/Xilinx/Vivado/2018.2/common/technology/xilinx/interface/axi4.gen 
Execute             source C:/Xilinx/Vivado/2018.2/common/technology/xilinx/interface/nativeAXI4.gen 
Execute               source C:/Xilinx/Vivado/2018.2/common/technology/xilinx/interface/saxilite.gen 
Execute               source C:/Xilinx/Vivado/2018.2/common/technology/xilinx/interface/maxi.gen 
Execute             source C:/Xilinx/Vivado/2018.2/common/technology/xilinx/scripts/xilinxcoregen.gen 
Execute             source C:/Xilinx/Vivado/2018.2/common/technology/xilinx/interface/XilEDKCoreGen.gen 
Execute             source C:/Xilinx/Vivado/2018.2/common/technology/xilinx/ip/dds_compiler.gen 
Execute             source C:/Xilinx/Vivado/2018.2/common/technology/xilinx/ip/util.gen 
Execute             source C:/Xilinx/Vivado/2018.2/common/technology/xilinx/ip/xfft.gen 
Command             ap_source done; 0.101 sec.
Execute             source C:/Xilinx/Vivado/2018.2/common/technology/xilinx/ip/xfir.gen 
Command           ap_source done; 0.141 sec.
Execute           source C:/Xilinx/Vivado/2018.2/common/technology/xilinx/common/dsp48.gen 
Command         ap_source done; 0.143 sec.
Command       ap_source done; 0.144 sec.
Execute       source C:/Xilinx/Vivado/2018.2/common/technology/xilinx/kintex7l/kintex7l_fpv6.gen 
Execute         source C:/Xilinx/Vivado/2018.2/common/technology/xilinx/common/xilinx_fpv6.gen 
Execute       source C:/Users/dzzhyk/Desktop/Lab4/conv/solution1/.autopilot/db/global.setting.tcl 
Execute       source C:/Users/dzzhyk/Desktop/Lab4/conv/solution1/.autopilot/db/global.setting.tcl 
Execute       source C:/Users/dzzhyk/Desktop/Lab4/conv/solution1/.autopilot/db/global.setting.tcl 
Execute       source C:/Users/dzzhyk/Desktop/Lab4/conv/solution1/.autopilot/db/my_engine.compgen.tcl 
INFO: [RTMG 210-288] Generating pipelined multiplexer : 'my_engine_mux_94_ncg'
INFO: [RTMG 210-278] Implementing memory 'my_engine_linebufbkb_ram (RAM)' using block RAMs.
INFO: [RTMG 210-278] Implementing memory 'my_engine_window_dEe_ram (RAM)' using distributed RAMs.
Execute       get_config_sdx -target 
Execute       source C:/Users/dzzhyk/Desktop/Lab4/conv/solution1/.autopilot/db/global.setting.tcl 
Execute       source C:/Xilinx/Vivado/2018.2/common/technology/generic/autopilot/common.gen 
Execute         source C:/Xilinx/Vivado/2018.2/common/technology/generic/autopilot/APCoreGen.gen 
Execute       source C:/Xilinx/Vivado/2018.2/common/technology/generic/autopilot/op.gen 
Execute       source C:/Xilinx/Vivado/2018.2/common/technology/generic/autopilot/op_simcore.gen 
Execute       source C:/Xilinx/Vivado/2018.2/common/technology/generic/autopilot/interface.gen 
Execute       source C:/Users/dzzhyk/Desktop/Lab4/conv/solution1/.autopilot/db/global.setting.tcl 
Execute       source C:/Xilinx/Vivado/2018.2/common/technology/xilinx/kintex7l/kintex7l.gen 
Execute         source C:/Xilinx/Vivado/2018.2/common/technology/xilinx/common/virtex.gen 
Execute           source C:/Xilinx/Vivado/2018.2/common/technology/xilinx/common/xilinx.gen 
Execute             source C:/Xilinx/Vivado/2018.2/common/technology/xilinx/interface/plb46.gen 
Execute             source C:/Xilinx/Vivado/2018.2/common/technology/xilinx/interface/fsl.gen 
Execute             source C:/Xilinx/Vivado/2018.2/common/technology/xilinx/interface/axi4.gen 
Execute             source C:/Xilinx/Vivado/2018.2/common/technology/xilinx/interface/nativeAXI4.gen 
Execute               source C:/Xilinx/Vivado/2018.2/common/technology/xilinx/interface/saxilite.gen 
Execute               source C:/Xilinx/Vivado/2018.2/common/technology/xilinx/interface/maxi.gen 
Execute             source C:/Xilinx/Vivado/2018.2/common/technology/xilinx/scripts/xilinxcoregen.gen 
Execute             source C:/Xilinx/Vivado/2018.2/common/technology/xilinx/interface/XilEDKCoreGen.gen 
Execute             source C:/Xilinx/Vivado/2018.2/common/technology/xilinx/ip/dds_compiler.gen 
Execute             source C:/Xilinx/Vivado/2018.2/common/technology/xilinx/ip/util.gen 
Execute             source C:/Xilinx/Vivado/2018.2/common/technology/xilinx/ip/xfft.gen 
Command             ap_source done; 0.102 sec.
Execute             source C:/Xilinx/Vivado/2018.2/common/technology/xilinx/ip/xfir.gen 
Command           ap_source done; 0.14 sec.
Execute           source C:/Xilinx/Vivado/2018.2/common/technology/xilinx/common/dsp48.gen 
Command         ap_source done; 0.142 sec.
Command       ap_source done; 0.142 sec.
Execute       source C:/Xilinx/Vivado/2018.2/common/technology/xilinx/kintex7l/kintex7l_fpv6.gen 
Execute         source C:/Xilinx/Vivado/2018.2/common/technology/xilinx/common/xilinx_fpv6.gen 
Execute       source C:/Users/dzzhyk/Desktop/Lab4/conv/solution1/.autopilot/db/my_engine.rtl_wrap.cfg.tcl 
Execute       source C:/Users/dzzhyk/Desktop/Lab4/conv/solution1/.autopilot/db/my_engine.rtl_wrap.cfg.tcl 
Execute       source C:/Users/dzzhyk/Desktop/Lab4/conv/solution1/.autopilot/db/my_engine.rtl_wrap.cfg.tcl 
Execute       source C:/Users/dzzhyk/Desktop/Lab4/conv/solution1/.autopilot/db/my_engine.tbgen.tcl 
Execute       source C:/Users/dzzhyk/Desktop/Lab4/conv/solution1/.autopilot/db/my_engine.tbgen.tcl 
Execute       source C:/Users/dzzhyk/Desktop/Lab4/conv/solution1/.autopilot/db/global.setting.tcl 
Execute       source C:/Users/dzzhyk/Desktop/Lab4/conv/solution1/.autopilot/db/my_engine.compgen.tcl 
Execute       source C:/Users/dzzhyk/Desktop/Lab4/conv/solution1/.autopilot/db/global.setting.tcl 
Execute       source C:/Users/dzzhyk/Desktop/Lab4/conv/solution1/.autopilot/db/my_engine.compgen.tcl 
Execute         source C:/Users/dzzhyk/Desktop/Lab4/conv/solution1/.autopilot/db/my_engine.tbgen.tcl 
Execute         source C:/Users/dzzhyk/Desktop/Lab4/conv/solution1/.autopilot/db/my_engine.tbgen.tcl 
Execute         source C:/Users/dzzhyk/Desktop/Lab4/conv/solution1/.autopilot/db/my_engine.tbgen.tcl 
Execute       source C:/Users/dzzhyk/Desktop/Lab4/conv/solution1/.autopilot/db/global.setting.tcl 
Execute       source C:/Users/dzzhyk/Desktop/Lab4/conv/solution1/.autopilot/db/my_engine.compgen.tcl 
Execute       source C:/Users/dzzhyk/Desktop/Lab4/conv/solution1/.autopilot/db/global.setting.tcl 
Execute       source C:/Users/dzzhyk/Desktop/Lab4/conv/solution1/.autopilot/db/my_engine.constraint.tcl 
Execute       source C:/Users/dzzhyk/Desktop/Lab4/conv/solution1/.autopilot/db/my_engine.tbgen.tcl 
Execute       source C:/Users/dzzhyk/Desktop/Lab4/conv/solution1/.autopilot/db/global.setting.tcl 
Execute       source C:/Users/dzzhyk/Desktop/Lab4/conv/solution1/.autopilot/db/global.setting.tcl 
Execute       source C:/Users/dzzhyk/Desktop/Lab4/conv/solution1/.autopilot/db/global.setting.tcl 
Execute       source C:/Users/dzzhyk/Desktop/Lab4/conv/solution1/.autopilot/db/my_engine.tbgen.tcl 
Execute       source C:/Users/dzzhyk/Desktop/Lab4/conv/solution1/.autopilot/db/my_engine.tbgen.tcl 
Execute       source C:/Users/dzzhyk/Desktop/Lab4/conv/solution1/.autopilot/db/global.setting.tcl 
Execute       source C:/Users/dzzhyk/Desktop/Lab4/conv/solution1/.autopilot/db/my_engine.constraint.tcl 
Execute       sc_get_clocks my_engine 
Execute       source C:/Users/dzzhyk/Desktop/Lab4/conv/solution1/.autopilot/db/global.setting.tcl 
Execute       get_config_sdx -target 
Execute       get_config_sdx -profile 
Execute       ::config_rtl 
INFO: [HLS 200-111] Finished generating all RTL models Time (s): cpu = 00:00:05 ; elapsed = 00:00:25 . Memory (MB): peak = 224.004 ; gain = 167.613
INFO: [SYSC 207-301] Generating SystemC RTL for my_engine.
INFO: [VHDL 208-304] Generating VHDL RTL for my_engine.
INFO: [VLOG 209-307] Generating Verilog RTL for my_engine.
Command     autosyn done; 3.078 sec.
Command   csynth_design done; 24.633 sec.
Command ap_source done; 24.947 sec.
Execute cleanup_all 
INFO-FLOW: Workspace C:/Users/dzzhyk/Desktop/Lab4/conv/init opened at Sat Dec 05 18:02:25 +0800 2020
Execute     config_clock -quiet -name default -period 10 -default=false 
INFO: [SYN 201-201] Setting up clock 'default' with a period of 10ns.
Execute     open_platform DefaultPlatform 
Execute     import_lib C:/Xilinx/Vivado/2018.2/common/technology/xilinx/kintex7l/kintex7l 
Execute       source C:/Xilinx/Vivado/2018.2/common/technology/xilinx/common/xilinx.lib 
Execute         source C:/Xilinx/Vivado/2018.2/common/technology/xilinx/interface/xilinx_interface.lib 
Execute           source C:/Xilinx/Vivado/2018.2/common/technology/xilinx/interface/plb46.lib 
Execute           source C:/Xilinx/Vivado/2018.2/common/technology/xilinx/interface/fsl.lib 
Execute           source C:/Xilinx/Vivado/2018.2/common/technology/xilinx/interface/axi4.lib 
Execute           source C:/Xilinx/Vivado/2018.2/common/technology/xilinx/interface/maxi.lib 
Execute           source C:/Xilinx/Vivado/2018.2/common/technology/xilinx/interface/saxilite.lib 
Execute         source C:/Xilinx/Vivado/2018.2/common/technology/xilinx/common/dsp48.lib 
Execute         source C:/Xilinx/Vivado/2018.2/common/technology/xilinx/ip/dds_compiler.lib 
Execute         source C:/Xilinx/Vivado/2018.2/common/technology/xilinx/ip/xfft.lib 
Execute         source C:/Xilinx/Vivado/2018.2/common/technology/xilinx/ip/xfir.lib 
Execute       source C:/Xilinx/Vivado/2018.2/common/technology/xilinx/common/xilinx_old.lib 
Execute       source C:/Xilinx/Vivado/2018.2/common/technology/xilinx/common/xilinx_vivado.lib 
Execute       source C:/Xilinx/Vivado/2018.2/common/technology/xilinx/common/xilinx.hlp 
Execute         source C:/Xilinx/Vivado/2018.2/common/technology/xilinx/common/target_info.tcl 
Execute         source C:/Xilinx/Vivado/2018.2/common/technology/xilinx/interface/xilinx_interface.hlp 
Execute           source C:/Xilinx/Vivado/2018.2/common/technology/xilinx/interface/maxi.hlp 
Execute           source C:/Xilinx/Vivado/2018.2/common/technology/xilinx/interface/saxilite.hlp 
Execute         source C:/Xilinx/Vivado/2018.2/common/technology/xilinx/common/dsp48.hlp 
Execute       source C:/Xilinx/Vivado/2018.2/common/technology/xilinx/kintex7l/dsp48e1.hlp 
Execute       get_default_platform 
Execute       config_chip_info -quiet -resource  {SLICE 50950} {LUT 203800}    {FF 407600} {DSP48E 840}    {BRAM 890}  
Execute       config_chip_info -quiet -speed lowpower 
Execute       source C:/Xilinx/Vivado/2018.2/common/technology/xilinx/common/xilinx.hlp 
Execute         source C:/Xilinx/Vivado/2018.2/common/technology/xilinx/common/target_info.tcl 
Execute         source C:/Xilinx/Vivado/2018.2/common/technology/xilinx/interface/xilinx_interface.hlp 
Execute           source C:/Xilinx/Vivado/2018.2/common/technology/xilinx/interface/maxi.hlp 
Execute           source C:/Xilinx/Vivado/2018.2/common/technology/xilinx/interface/saxilite.hlp 
Execute         source C:/Xilinx/Vivado/2018.2/common/technology/xilinx/common/dsp48.hlp 
Execute     source C:/Xilinx/Vivado/2018.2/common/technology/xilinx/kintex7l/kintex7l.gen 
Execute       source C:/Xilinx/Vivado/2018.2/common/technology/xilinx/common/virtex.gen 
Execute         source C:/Xilinx/Vivado/2018.2/common/technology/xilinx/common/xilinx.gen 
Execute           source C:/Xilinx/Vivado/2018.2/common/technology/xilinx/interface/plb46.gen 
Execute           source C:/Xilinx/Vivado/2018.2/common/technology/xilinx/interface/fsl.gen 
Execute           source C:/Xilinx/Vivado/2018.2/common/technology/xilinx/interface/axi4.gen 
Execute           source C:/Xilinx/Vivado/2018.2/common/technology/xilinx/interface/nativeAXI4.gen 
Execute             source C:/Xilinx/Vivado/2018.2/common/technology/xilinx/interface/saxilite.gen 
Execute             source C:/Xilinx/Vivado/2018.2/common/technology/xilinx/interface/maxi.gen 
Execute           source C:/Xilinx/Vivado/2018.2/common/technology/xilinx/scripts/xilinxcoregen.gen 
Execute           source C:/Xilinx/Vivado/2018.2/common/technology/xilinx/interface/XilEDKCoreGen.gen 
Execute           source C:/Xilinx/Vivado/2018.2/common/technology/xilinx/ip/dds_compiler.gen 
Execute           source C:/Xilinx/Vivado/2018.2/common/technology/xilinx/ip/util.gen 
Execute           source C:/Xilinx/Vivado/2018.2/common/technology/xilinx/ip/xfft.gen 
Command           ap_source done; 0.108 sec.
Execute           source C:/Xilinx/Vivado/2018.2/common/technology/xilinx/ip/xfir.gen 
Command         ap_source done; 0.147 sec.
Execute         source C:/Xilinx/Vivado/2018.2/common/technology/xilinx/common/dsp48.gen 
Command       ap_source done; 0.15 sec.
Command     ap_source done; 0.15 sec.
Execute     open_platform DefaultPlatform 
Execute     import_lib C:/Xilinx/Vivado/2018.2/common/technology/xilinx/kintex7l/kintex7l_fpv6 
Execute       source C:/Xilinx/Vivado/2018.2/common/technology/xilinx/common/xilinx_fpv7.lib 
Execute         source C:/Xilinx/Vivado/2018.2/common/technology/xilinx/common/xilinx_hp.lib 
Execute       source C:/Xilinx/Vivado/2018.2/common/technology/xilinx/common/xilinx_fpv.hlp 
Execute         source C:/Xilinx/Vivado/2018.2/common/technology/xilinx/common/xilinx.hlp 
Execute           source C:/Xilinx/Vivado/2018.2/common/technology/xilinx/common/target_info.tcl 
Execute           source C:/Xilinx/Vivado/2018.2/common/technology/xilinx/interface/xilinx_interface.hlp 
Execute             source C:/Xilinx/Vivado/2018.2/common/technology/xilinx/interface/maxi.hlp 
Execute             source C:/Xilinx/Vivado/2018.2/common/technology/xilinx/interface/saxilite.hlp 
Execute           source C:/Xilinx/Vivado/2018.2/common/technology/xilinx/common/dsp48.hlp 
Execute       source C:/Xilinx/Vivado/2018.2/common/technology/xilinx/kintex7l/kintex7l_hp.hlp 
Execute     source C:/Xilinx/Vivado/2018.2/common/technology/xilinx/kintex7l/kintex7l_fpv6.gen 
Execute       source C:/Xilinx/Vivado/2018.2/common/technology/xilinx/common/xilinx_fpv6.gen 
Execute     set_part xc7k160tlffv676-2l 
Execute       add_library xilinx/kintex7l/kintex7l:xc7k160tl:ffv676:-2l 
Execute         get_default_platform 
Execute         license_isbetapart xc7k160tl 
Command         license_isbetapart done; error code: 1; 
Execute         get_default_platform 
Execute         config_chip_info -quiet -resource  {SLICE 25350} {LUT 101400}    {FF 202800} {DSP48E 600}    {BRAM 650}  
Execute         config_chip_info -quiet -speed lowpower 
Execute       add_library xilinx/kintex7l/kintex7l_fpv6 
Execute         get_default_platform 
INFO: [HLS 200-10] Setting target device to 'xc7k160tlffv676-2l'
Execute       get_default_platform 
Execute     get_default_platform 
Execute     config_chip_info -quiet -resource  {SLICE 25350} {LUT 101400}    {FF 202800} {DSP48E 600}    {BRAM 650}  
Execute     config_chip_info -quiet -speed lowpower 
Command   open_solution done; 0.255 sec.
Execute   csim_design -quiet 
Execute     source C:/Users/dzzhyk/Desktop/Lab4/conv/init/.autopilot/db/global.setting.tcl 
INFO: [SIM 211-2] *************** CSIM start ***************
INFO: [SIM 211-4] CSIM will launch GCC as the compiler.
Execute     source csim/.lst_opt.tcl 
Execute     is_encrypted C:/Users/dzzhyk/Desktop/Lab4/conv/conv_test.cpp 
Execute     is_xip C:/Users/dzzhyk/Desktop/Lab4/conv/conv_test.cpp 
Execute     is_encrypted C:/Users/dzzhyk/Desktop/Lab4/conv/conv.cpp 
Execute     is_xip C:/Users/dzzhyk/Desktop/Lab4/conv/conv.cpp 
Execute     is_encrypted C:/Users/dzzhyk/Desktop/Lab4/conv/conv.h 
Execute     is_xip C:/Users/dzzhyk/Desktop/Lab4/conv/conv.h 
Execute     get_default_platform 
Execute     source run_sim.tcl 
Command     ap_source done; 0.151 sec.
INFO: [SIM 211-1] CSim done with 0 errors.
INFO: [SIM 211-3] *************** CSIM finish ***************
Command   csim_design done; 13.968 sec.
Command ap_source done; 14.226 sec.
Execute cleanup_all 
